{"level":"debug","time":"2024-02-13T18:31:15.281Z","caller":"cmd/bin.go:105","msg":"cli os: linux, cli arch: amd64"}
{"level":"debug","time":"2024-02-13T18:31:15.595Z","caller":"cmd/bin.go:114","msg":"Upstream version details: {Name:cli Min:0.2.153 Max:0.2.160} "}
{"level":"warn","time":"2024-02-13T18:31:15.596Z","caller":"globalconfigvalidator/setup.go:35","msg":"Found user credentials in env and cli flag both, credentials in env will be ignored"}
{"level":"warn","time":"2024-02-13T18:31:15.596Z","caller":"globalconfigvalidator/setup.go:40","msg":"Found key credentials in env and cli flag both, credentials in env will be ignored"}
{"level":"debug","time":"2024-02-13T18:31:16.419Z","caller":"core/lifecycle.go:116","msg":"Setting environment"}
{"level":"debug","time":"2024-02-13T18:31:16.419Z","caller":"core/lifecycle.go:119","msg":"Parsing config"}
{"level":"debug","time":"2024-02-13T18:31:16.419Z","caller":"yamlconfigmanager/setup.go:532","msg":"Custom location for .hyperexecute.yaml specified. Using: yaml/win/.hyperexecute_autosplits.yaml"}
{"level":"debug","time":"2024-02-13T18:31:16.420Z","caller":"yamlconfigmanager/setup.go:88","msg":"using hyperexecute config from : yaml/win/.hyperexecute_autosplits.yaml"}
{"level":"debug","time":"2024-02-13T18:31:16.706Z","caller":"yamlconfigmanager/setup.go:1978","msg":"Autodetecting test type in files of path : /workspace/HyperExecute-Playwright-Vanilla-Javascript"}
{"level":"debug","time":"2024-02-13T18:31:16.706Z","caller":"yamlconfigmanager/setup.go:2020","msg":"File in which test type is detected - /workspace/HyperExecute-Playwright-Vanilla-Javascript/package.json"}
{"level":"debug","time":"2024-02-13T18:31:16.706Z","caller":"yamlconfigmanager/setup.go:2021","msg":"Pre command in which test type is detected - npx playwright install"}
{"level":"debug","time":"2024-02-13T18:31:16.706Z","caller":"yamlconfigmanager/setup.go:366","msg":"Automatic test type detected - playwright"}
{"level":"debug","time":"2024-02-13T18:31:16.706Z","caller":"yamlconfigmanager/setup.go:384","msg":"Tunnel: false"}
{"level":"info","time":"2024-02-13T18:31:16.706Z","caller":"models/HypertestYamlConfig.go:589","msg":"\n\u001b[4m\u001b[1m\u001b[97mExecution Plan\u001b[0m\u001b[0m\u001b[0m"}
{"level":"info","time":"2024-02-13T18:31:16.706Z","caller":"models/HypertestYamlConfig.go:393","msg":"Mode:    \u001b[36mautosplit\u001b[0m"}
{"level":"info","time":"2024-02-13T18:31:16.706Z","caller":"models/HypertestYamlConfig.go:453","msg":"Runson:    \u001b[36mwin\u001b[0m"}
{"level":"info","time":"2024-02-13T18:31:16.706Z","caller":"models/HypertestYamlConfig.go:461","msg":"Concurrency:    \u001b[36m2\u001b[0m"}
{"level":"info","time":"2024-02-13T18:31:16.706Z","caller":"models/HypertestYamlConfig.go:522","msg":"Report:    \u001b[36mdisabled\u001b[0m"}
{"level":"info","time":"2024-02-13T18:31:16.706Z","caller":"models/HypertestYamlConfig.go:554","msg":"Cache Directories:"}
{"level":"info","time":"2024-02-13T18:31:16.706Z","caller":"models/HypertestYamlConfig.go:556","msg":"    \u001b[36mnode_modules\u001b[0m"}
{"level":"info","time":"2024-02-13T18:31:16.706Z","caller":"models/HypertestYamlConfig.go:602","msg":""}
{"level":"debug","time":"2024-02-13T18:31:16.706Z","caller":"filevalidator/setup.go:46","msg":"Warning: Checking data.json file in current directory, no dataJsonPath found in .hyperexecute.yaml"}
{"level":"debug","time":"2024-02-13T18:31:16.706Z","caller":"filevalidator/setup.go:50","msg":"Warning: data.json file doesn't exist"}
{"level":"debug","time":"2024-02-13T18:31:17.241Z","caller":"core/lifecycle.go:404","msg":"Job ID: 2d8785c8-1578-4c1c-950d-f61f887c1c73"}
{"level":"debug","time":"2024-02-13T18:31:17.241Z","caller":"core/lifecycle.go:410","msg":"User has provided playwright as test type for the job with ID 2d8785c8-1578-4c1c-950d-f61f887c1c73"}
{"level":"debug","time":"2024-02-13T18:31:17.242Z","caller":"archivemanager/setup.go:340","msg":"digestMap: map[]"}
{"level":"debug","time":"2024-02-13T18:31:17.242Z","caller":"archivemanager/setup.go:346","msg":"Creating archive of target directory: /workspace/HyperExecute-Playwright-Vanilla-Javascript"}
{"level":"debug","time":"2024-02-13T18:31:17.264Z","caller":"core/lifecycle.go:539","msg":"Zip file size: 205.93 kB"}
{"level":"debug","time":"2024-02-13T18:31:17.264Z","caller":"core/lifecycle.go:549","msg":"Archive location: /workspace/HyperExecute-Playwright-Vanilla-Javascript/hyperexecute-code-2d8785c8-1578-4c1c-950d-f61f887c1c73.zip\n"}
{"level":"debug","time":"2024-02-13T18:31:17.264Z","caller":"storage/azure.go:55","msg":"Payload size: 205.93 kB, source path /workspace/HyperExecute-Playwright-Vanilla-Javascript/hyperexecute-code-2d8785c8-1578-4c1c-950d-f61f887c1c73.zip"}
{"level":"debug","time":"2024-02-13T18:31:17.264Z","caller":"utils/azcopy.go:143","msg":"Downloading dependency binary ..................."}
{"level":"debug","time":"2024-02-13T18:31:17.276Z","caller":"storage/azure.go:55","msg":"Payload size: 2.23 kB, source path /tmp/git.diff"}
{"level":"debug","time":"2024-02-13T18:31:17.416Z","caller":"utils/azcopy.go:100","msg":"Downloading dependency to upload files"}
{"level":"info","time":"2024-02-13T18:31:17.900Z","caller":"utils/azcopy.go:118","msg":"\u001b[91m\u001b[32m✔\u001b[0m Dependency binary downloaded successfully\u001b[0m"}
{"level":"debug","time":"2024-02-13T18:31:17.902Z","caller":"utils/azcopy.go:190","msg":"returning from fallback"}
{"level":"debug","time":"2024-02-13T18:31:19.942Z","caller":"receptionmanager/setup.go:207","msg":"number of entries in runtimes: 0, switching to new yaml format"}
{"level":"debug","time":"2024-02-13T18:31:19.942Z","caller":"receptionmanager/setup.go:149","msg":"Uploading yaml : /workspace/HyperExecute-Playwright-Vanilla-Javascript/.updatedhyperexecute.yaml"}
{"level":"debug","time":"2024-02-13T18:31:19.942Z","caller":"storage/azure.go:55","msg":"Payload size: 2.46 kB, source path /workspace/HyperExecute-Playwright-Vanilla-Javascript/.updatedhyperexecute.yaml"}
{"level":"debug","time":"2024-02-13T18:31:22.105Z","caller":"core/lifecycle.go:577","msg":"Successfully deleted code archive: /workspace/HyperExecute-Playwright-Vanilla-Javascript/hyperexecute-code-2d8785c8-1578-4c1c-950d-f61f887c1c73.zip\n"}
{"level":"info","time":"2024-02-13T18:31:27.957Z","caller":"jobmanager/setup.go:129","msg":"Job \u001b[1m\u001b[4m2d8785c8-1578-4c1c-950d-f61f887c1c73\u001b[0m\u001b[0m has started \u001b[97mRUNNING\u001b[0m"}
{"level":"info","time":"2024-02-13T18:31:27.957Z","caller":"jobmanager/setup.go:372","msg":"Job Link: \u001b[4m\u001b[34mhttps://hyperexecute.lambdatest.com/hyperexecute/task?jobId=2d8785c8-1578-4c1c-950d-f61f887c1c73\u001b[0m\u001b[0m\n"}
{"level":"debug","time":"2024-02-13T18:31:27.957Z","caller":"jobmanager/setup.go:138","msg":"New Tasks generated"}
{"level":"debug","time":"2024-02-13T18:31:27.957Z","caller":"jobmanager/setup.go:149","msg":"Task id: 683505f7-d34c-4e07-9c98-00b16bda8d92"}
{"level":"debug","time":"2024-02-13T18:31:27.957Z","caller":"jobmanager/setup.go:152","msg":"Sending new task alert to stage manager for taskId: 683505f7-d34c-4e07-9c98-00b16bda8d92"}
{"level":"debug","time":"2024-02-13T18:31:27.957Z","caller":"jobmanager/setup.go:149","msg":"Task id: 510ef850-f6a5-49ae-b76e-0b2fbfc31871"}
{"level":"debug","time":"2024-02-13T18:31:27.957Z","caller":"jobmanager/setup.go:152","msg":"Sending new task alert to stage manager for taskId: 510ef850-f6a5-49ae-b76e-0b2fbfc31871"}
{"level":"info","time":"2024-02-13T18:31:28.068Z","caller":"terminal/terminal.go:185","msg":"\u001b[32m✔\u001b[0m [1]  \u001b[2mcache-download (2s)\u001b[0m\n"}
{"level":"info","time":"2024-02-13T18:31:28.301Z","caller":"terminal/terminal.go:185","msg":"\u001b[32m✔\u001b[0m [2]  \u001b[2mcache-download (2s)\u001b[0m\n"}
{"level":"debug","time":"2024-02-13T18:31:51.504Z","caller":"cmd/bin.go:278","msg":"main: received C-c - attempting graceful shutdown ...."}
{"level":"debug","time":"2024-02-13T18:31:51.505Z","caller":"cmd/bin.go:279","msg":"Sending abort job signal to sentinel"}
{"level":"debug","time":"2024-02-13T18:31:51.505Z","caller":"cmd/bin.go:285","msg":"Sending request to abort job"}
{"level":"debug","time":"2024-02-13T18:31:51.879Z","caller":"cmd/bin.go:294","msg":"main: telling goroutines to stop"}
{"level":"debug","time":"2024-02-13T18:31:51.879Z","caller":"core/lifecycle.go:740","msg":"Context canceled"}
{"level":"info","time":"2024-02-13T18:31:51.879Z","caller":"core/lifecycle.go:743","msg":"\u001b[2mStopping pipeline gracefully\u001b[0m"}
{"level":"info","time":"2024-02-13T18:31:51.879Z","caller":"jobmanager/setup.go:372","msg":"Job Link: \u001b[4m\u001b[34mhttps://hyperexecute.lambdatest.com/hyperexecute/task?jobId=2d8785c8-1578-4c1c-950d-f61f887c1c73\u001b[0m\u001b[0m\n"}
{"level":"debug","time":"2024-02-13T18:31:51.879Z","caller":"core/lifecycle.go:54","msg":"Quit requested from main goroutine...."}
{"level":"debug","time":"2024-02-13T18:31:51.879Z","caller":"core/lifecycle.go:55","msg":"Waiting for the goroutines to exit"}
{"level":"debug","time":"2024-02-13T18:31:51.879Z","caller":"core/lifecycle.go:58","msg":"All lifecycle goroutines exited"}
{"level":"debug","time":"2024-02-13T18:31:51.879Z","caller":"cmd/bin.go:270","msg":"main: all goroutines have finished."}
{"level":"debug","time":"2024-02-13T18:31:51.879Z","caller":"cmd/bin.go:298","msg":"Go routines exited within timeout"}
