{"level":"debug","time":"2024-02-13T20:17:56.988Z","caller":"cmd/bin.go:105","msg":"cli os: linux, cli arch: amd64"}
{"level":"debug","time":"2024-02-13T20:17:57.285Z","caller":"cmd/bin.go:114","msg":"Upstream version details: {Name:cli Min:0.2.153 Max:0.2.160} "}
{"level":"debug","time":"2024-02-13T20:17:58.019Z","caller":"core/lifecycle.go:116","msg":"Setting environment"}
{"level":"debug","time":"2024-02-13T20:17:58.019Z","caller":"core/lifecycle.go:119","msg":"Parsing config"}
{"level":"debug","time":"2024-02-13T20:17:58.019Z","caller":"yamlconfigmanager/setup.go:532","msg":"Custom location for .hyperexecute.yaml specified. Using: .hyperexecute_autosplits.yaml"}
{"level":"debug","time":"2024-02-13T20:17:58.019Z","caller":"yamlconfigmanager/setup.go:88","msg":"using hyperexecute config from : .hyperexecute_autosplits.yaml"}
{"level":"debug","time":"2024-02-13T20:17:58.317Z","caller":"yamlconfigmanager/setup.go:1978","msg":"Autodetecting test type in files of path : /workspace/HyperExecute-Playwright-Vanilla-Javascript/sample-frontend"}
{"level":"debug","time":"2024-02-13T20:17:58.317Z","caller":"yamlconfigmanager/setup.go:2020","msg":"File in which test type is detected - /workspace/HyperExecute-Playwright-Vanilla-Javascript/sample-frontend/package.json"}
{"level":"debug","time":"2024-02-13T20:17:58.317Z","caller":"yamlconfigmanager/setup.go:2021","msg":"Pre command in which test type is detected - npx playwright install"}
{"level":"debug","time":"2024-02-13T20:17:58.317Z","caller":"yamlconfigmanager/setup.go:366","msg":"Automatic test type detected - playwright"}
{"level":"error","time":"2024-02-13T20:17:58.317Z","caller":"core/lifecycle.go:124","msg":"2024-02-13T20:17:56Z    error    \u001b[91mERR::YML::VAL\u001b[0m     Invalid yaml content: type key is required under testDiscovery directive in auto split mode for Version: 0.1"}
{"level":"debug","time":"2024-02-13T20:17:58.317Z","caller":"core/lifecycle.go:54","msg":"Quit requested from main goroutine...."}
{"level":"debug","time":"2024-02-13T20:17:58.317Z","caller":"core/lifecycle.go:55","msg":"Waiting for the goroutines to exit"}
{"level":"debug","time":"2024-02-13T20:17:58.317Z","caller":"core/lifecycle.go:58","msg":"All lifecycle goroutines exited"}
{"level":"debug","time":"2024-02-13T20:17:58.317Z","caller":"cmd/bin.go:309","msg":"Exiting application due to error \u001b[91mERR::YML::VAL\u001b[0m     Invalid yaml content: type key is required under testDiscovery directive in auto split mode for Version: 0.1"}
{"level":"debug","time":"2024-02-13T20:18:45.455Z","caller":"cmd/bin.go:105","msg":"cli os: linux, cli arch: amd64"}
{"level":"debug","time":"2024-02-13T20:18:45.794Z","caller":"cmd/bin.go:114","msg":"Upstream version details: {Name:cli Min:0.2.153 Max:0.2.160} "}
{"level":"debug","time":"2024-02-13T20:18:46.622Z","caller":"core/lifecycle.go:116","msg":"Setting environment"}
{"level":"debug","time":"2024-02-13T20:18:46.622Z","caller":"core/lifecycle.go:119","msg":"Parsing config"}
{"level":"debug","time":"2024-02-13T20:18:46.622Z","caller":"yamlconfigmanager/setup.go:532","msg":"Custom location for .hyperexecute.yaml specified. Using: .hyperexecute_autosplits.yaml"}
{"level":"debug","time":"2024-02-13T20:18:46.622Z","caller":"yamlconfigmanager/setup.go:88","msg":"using hyperexecute config from : .hyperexecute_autosplits.yaml"}
{"level":"debug","time":"2024-02-13T20:18:46.935Z","caller":"yamlconfigmanager/setup.go:1978","msg":"Autodetecting test type in files of path : /workspace/HyperExecute-Playwright-Vanilla-Javascript/sample-frontend"}
{"level":"debug","time":"2024-02-13T20:18:46.935Z","caller":"yamlconfigmanager/setup.go:2020","msg":"File in which test type is detected - /workspace/HyperExecute-Playwright-Vanilla-Javascript/sample-frontend/package.json"}
{"level":"debug","time":"2024-02-13T20:18:46.935Z","caller":"yamlconfigmanager/setup.go:2021","msg":"Pre command in which test type is detected - npx playwright install"}
{"level":"debug","time":"2024-02-13T20:18:46.935Z","caller":"yamlconfigmanager/setup.go:366","msg":"Automatic test type detected - playwright"}
{"level":"debug","time":"2024-02-13T20:18:46.935Z","caller":"yamlconfigmanager/setup.go:384","msg":"Tunnel: false"}
{"level":"info","time":"2024-02-13T20:18:46.935Z","caller":"models/HypertestYamlConfig.go:589","msg":"\n\u001b[4m\u001b[1m\u001b[97mExecution Plan\u001b[0m\u001b[0m\u001b[0m"}
{"level":"info","time":"2024-02-13T20:18:46.936Z","caller":"models/HypertestYamlConfig.go:393","msg":"Mode:    \u001b[36mautosplit\u001b[0m"}
{"level":"info","time":"2024-02-13T20:18:46.936Z","caller":"models/HypertestYamlConfig.go:453","msg":"Runson:    \u001b[36mwin\u001b[0m"}
{"level":"info","time":"2024-02-13T20:18:46.936Z","caller":"models/HypertestYamlConfig.go:461","msg":"Concurrency:    \u001b[36m1\u001b[0m"}
{"level":"info","time":"2024-02-13T20:18:46.936Z","caller":"models/HypertestYamlConfig.go:522","msg":"Report:    \u001b[36mdisabled\u001b[0m"}
{"level":"info","time":"2024-02-13T20:18:46.936Z","caller":"models/HypertestYamlConfig.go:554","msg":"Cache Directories:"}
{"level":"info","time":"2024-02-13T20:18:46.936Z","caller":"models/HypertestYamlConfig.go:556","msg":"    \u001b[36mnode_modules\u001b[0m"}
{"level":"info","time":"2024-02-13T20:18:46.936Z","caller":"models/HypertestYamlConfig.go:602","msg":""}
{"level":"debug","time":"2024-02-13T20:18:46.936Z","caller":"filevalidator/setup.go:46","msg":"Warning: Checking data.json file in current directory, no dataJsonPath found in .hyperexecute.yaml"}
{"level":"debug","time":"2024-02-13T20:18:46.936Z","caller":"filevalidator/setup.go:50","msg":"Warning: data.json file doesn't exist"}
{"level":"debug","time":"2024-02-13T20:18:46.936Z","caller":"testdiscoverer/discoverer.go:74","msg":"Test Discovery Command: cat hello.txt"}
{"level":"info","time":"2024-02-13T20:18:46.940Z","caller":"testdiscoverer/discoverer.go:89","msg":"\u001b[4m\u001b[1m\u001b[97mTest Discovery Result: 1\u001b[0m\u001b[0m\u001b[0m"}
{"level":"info","time":"2024-02-13T20:18:46.940Z","caller":"testdiscoverer/discoverer.go:90","msg":"    \u001b[2mhello\u001b[0m\n"}
{"level":"debug","time":"2024-02-13T20:18:47.357Z","caller":"core/lifecycle.go:404","msg":"Job ID: 226614d4-718f-46f7-9d8f-ebf93004eeb3"}
{"level":"debug","time":"2024-02-13T20:18:47.358Z","caller":"core/lifecycle.go:410","msg":"User has provided playwright as test type for the job with ID 226614d4-718f-46f7-9d8f-ebf93004eeb3"}
{"level":"debug","time":"2024-02-13T20:18:47.358Z","caller":"archivemanager/setup.go:340","msg":"digestMap: map[]"}
{"level":"debug","time":"2024-02-13T20:18:47.358Z","caller":"archivemanager/setup.go:346","msg":"Creating archive of target directory: /workspace/HyperExecute-Playwright-Vanilla-Javascript/sample-frontend"}
{"level":"debug","time":"2024-02-13T20:18:47.380Z","caller":"core/lifecycle.go:539","msg":"Zip file size: 200.55 kB"}
{"level":"debug","time":"2024-02-13T20:18:47.380Z","caller":"core/lifecycle.go:549","msg":"Archive location: /workspace/HyperExecute-Playwright-Vanilla-Javascript/sample-frontend/hyperexecute-code-226614d4-718f-46f7-9d8f-ebf93004eeb3.zip\n"}
{"level":"debug","time":"2024-02-13T20:18:47.380Z","caller":"storage/azure.go:55","msg":"Payload size: 200.55 kB, source path /workspace/HyperExecute-Playwright-Vanilla-Javascript/sample-frontend/hyperexecute-code-226614d4-718f-46f7-9d8f-ebf93004eeb3.zip"}
{"level":"debug","time":"2024-02-13T20:18:47.381Z","caller":"utils/azcopy.go:143","msg":"Downloading dependency binary ..................."}
{"level":"debug","time":"2024-02-13T20:18:47.388Z","caller":"storage/azure.go:55","msg":"Payload size: 187.80 kB, source path /tmp/git.diff"}
{"level":"debug","time":"2024-02-13T20:18:47.525Z","caller":"utils/azcopy.go:100","msg":"Downloading dependency to upload files"}
{"level":"info","time":"2024-02-13T20:18:47.917Z","caller":"utils/azcopy.go:118","msg":"\u001b[91m\u001b[32m✔\u001b[0m Dependency binary downloaded successfully\u001b[0m"}
{"level":"debug","time":"2024-02-13T20:18:47.917Z","caller":"utils/azcopy.go:190","msg":"returning from fallback"}
{"level":"debug","time":"2024-02-13T20:18:49.941Z","caller":"receptionmanager/setup.go:207","msg":"number of entries in runtimes: 0, switching to new yaml format"}
{"level":"debug","time":"2024-02-13T20:18:49.941Z","caller":"receptionmanager/setup.go:149","msg":"Uploading yaml : /workspace/HyperExecute-Playwright-Vanilla-Javascript/sample-frontend/.updatedhyperexecute.yaml"}
{"level":"debug","time":"2024-02-13T20:18:49.941Z","caller":"storage/azure.go:55","msg":"Payload size: 2.42 kB, source path /workspace/HyperExecute-Playwright-Vanilla-Javascript/sample-frontend/.updatedhyperexecute.yaml"}
{"level":"debug","time":"2024-02-13T20:18:52.125Z","caller":"core/lifecycle.go:577","msg":"Successfully deleted code archive: /workspace/HyperExecute-Playwright-Vanilla-Javascript/sample-frontend/hyperexecute-code-226614d4-718f-46f7-9d8f-ebf93004eeb3.zip\n"}
{"level":"info","time":"2024-02-13T20:18:58.019Z","caller":"jobmanager/setup.go:129","msg":"Job \u001b[1m\u001b[4m226614d4-718f-46f7-9d8f-ebf93004eeb3\u001b[0m\u001b[0m has started \u001b[97mRUNNING\u001b[0m"}
{"level":"info","time":"2024-02-13T20:18:58.019Z","caller":"jobmanager/setup.go:372","msg":"Job Link: \u001b[4m\u001b[34mhttps://hyperexecute.lambdatest.com/hyperexecute/task?jobId=226614d4-718f-46f7-9d8f-ebf93004eeb3\u001b[0m\u001b[0m\n"}
{"level":"debug","time":"2024-02-13T20:18:58.019Z","caller":"jobmanager/setup.go:138","msg":"New Tasks generated"}
{"level":"debug","time":"2024-02-13T20:18:58.019Z","caller":"jobmanager/setup.go:149","msg":"Task id: 3e206c9f-fbe0-497f-9f5b-77b73cf227fe"}
{"level":"debug","time":"2024-02-13T20:18:58.019Z","caller":"jobmanager/setup.go:152","msg":"Sending new task alert to stage manager for taskId: 3e206c9f-fbe0-497f-9f5b-77b73cf227fe"}
{"level":"debug","time":"2024-02-13T20:19:53.019Z","caller":"jobmanager/setup.go:204","msg":"\n\nJob status"}
{"level":"info","time":"2024-02-13T20:19:53.019Z","caller":"core/lifecycle.go:648","msg":"taskId:3e206c9f-fbe0-497f-9f5b-77b73cf227fe has failed with remark: error in running test suites - step 1 - exit status 1\n"}
{"level":"info","time":"2024-02-13T20:19:53.019Z","caller":"jobmanager/JobSummaryManager.go:37","msg":"\n\u001b[101m FAILED \u001b[0m\n"}
{"level":"info","time":"2024-02-13T20:19:53.019Z","caller":"jobmanager/JobSummaryManager.go:96","msg":"    \u001b[1mTest Execution Time\u001b[0m:                  \u001b[91m2s\u001b[0m"}
{"level":"info","time":"2024-02-13T20:19:53.019Z","caller":"jobmanager/JobSummaryManager.go:96","msg":"    \u001b[1mJob Duration Time\u001b[0m:                    59s"}
{"level":"debug","time":"2024-02-13T20:19:53.019Z","caller":"core/lifecycle.go:740","msg":"Context canceled"}
{"level":"info","time":"2024-02-13T20:19:53.019Z","caller":"core/lifecycle.go:743","msg":"\u001b[2mStopping pipeline gracefully\u001b[0m"}
{"level":"info","time":"2024-02-13T20:19:53.019Z","caller":"jobmanager/JobSummaryManager.go:96","msg":"    \u001b[1mTotal Tasks\u001b[0m:                          1"}
{"level":"info","time":"2024-02-13T20:19:53.019Z","caller":"jobmanager/JobSummaryManager.go:96","msg":"    \u001b[1mCumulative Time Consumed\u001b[0m:             59s"}
{"level":"error","time":"2024-02-13T20:19:53.019Z","caller":"core/lifecycle.go:746","msg":"2024-02-13T20:18:45Z    error    Exiting with error: Failed tasks found."}
{"level":"info","time":"2024-02-13T20:19:53.019Z","caller":"jobmanager/JobSummaryManager.go:96","msg":"    \u001b[1mTotal Stages\u001b[0m:                         3"}
{"level":"info","time":"2024-02-13T20:19:53.019Z","caller":"jobmanager/JobSummaryManager.go:96","msg":"    \u001b[1mPass discovery stage percentage\u001b[0m:      100.00%"}
{"level":"info","time":"2024-02-13T20:19:53.019Z","caller":"jobmanager/setup.go:372","msg":"Job Link: \u001b[4m\u001b[34mhttps://hyperexecute.lambdatest.com/hyperexecute/task?jobId=226614d4-718f-46f7-9d8f-ebf93004eeb3\u001b[0m\u001b[0m\n"}
{"level":"debug","time":"2024-02-13T20:19:53.019Z","caller":"core/lifecycle.go:54","msg":"Quit requested from main goroutine...."}
{"level":"debug","time":"2024-02-13T20:19:53.019Z","caller":"core/lifecycle.go:55","msg":"Waiting for the goroutines to exit"}
{"level":"debug","time":"2024-02-13T20:19:53.019Z","caller":"core/lifecycle.go:58","msg":"All lifecycle goroutines exited"}
{"level":"info","time":"2024-02-13T20:19:53.019Z","caller":"jobmanager/JobSummaryManager.go:96","msg":"    \u001b[1mFailed discovery stage percentage\u001b[0m:    0.00%"}
{"level":"debug","time":"2024-02-13T20:19:53.019Z","caller":"cmd/bin.go:270","msg":"main: all goroutines have finished."}
{"level":"debug","time":"2024-02-13T20:19:53.019Z","caller":"cmd/bin.go:309","msg":"Exiting application due to error Failed tasks found."}
{"level":"debug","time":"2024-02-13T20:31:40.346Z","caller":"cmd/bin.go:105","msg":"cli os: linux, cli arch: amd64"}
{"level":"debug","time":"2024-02-13T20:31:40.643Z","caller":"cmd/bin.go:114","msg":"Upstream version details: {Name:cli Min:0.2.277 Max:0.2.295} "}
{"level":"info","time":"2024-02-13T20:31:40.643Z","caller":"cmd/bin.go:122","msg":"Current binary version 0.2.160 is less than max upstream version 0.2.295."}
{"level":"info","time":"2024-02-13T20:31:40.643Z","caller":"updater/updater.go:64","msg":"Auto updating binary ..................."}
{"level":"debug","time":"2024-02-13T20:31:40.643Z","caller":"updater/updater.go:65","msg":"Download url: https://stage-downloads.hyperexecute.cloud/hyperexecute/linux/hyperexecute"}
{"level":"debug","time":"2024-02-13T20:31:42.408Z","caller":"updater/updater.go:85","msg":"New binary downloaded successfully "}
{"level":"debug","time":"2024-02-13T20:31:42.408Z","caller":"updater/updater.go:86","msg":"Please run it again "}
{"level":"info","time":"2024-02-13T20:31:42.408Z","caller":"cmd/bin.go:132","msg":"Update successfully installed. Please restart the binary"}
{"level":"debug","time":"2024-02-13T20:31:44.199Z","caller":"cmd/bin.go:105","msg":"cli os: linux, cli arch: amd64"}
{"level":"debug","time":"2024-02-13T20:31:44.449Z","caller":"cmd/bin.go:114","msg":"Upstream version details: {Name:cli Min:0.2.277 Max:0.2.295} "}
{"level":"debug","time":"2024-02-13T20:31:45.233Z","caller":"core/lifecycle.go:116","msg":"Setting environment"}
{"level":"debug","time":"2024-02-13T20:31:45.234Z","caller":"core/lifecycle.go:119","msg":"Parsing config"}
{"level":"debug","time":"2024-02-13T20:31:45.234Z","caller":"yamlconfigmanager/setup.go:532","msg":"Custom location for .hyperexecute.yaml specified. Using: .hyperexecute_autosplits.yaml"}
{"level":"debug","time":"2024-02-13T20:31:45.234Z","caller":"yamlconfigmanager/setup.go:88","msg":"using hyperexecute config from : .hyperexecute_autosplits.yaml"}
{"level":"debug","time":"2024-02-13T20:31:45.458Z","caller":"yamlconfigmanager/setup.go:1978","msg":"Autodetecting test type in files of path : /workspace/HyperExecute-Playwright-Vanilla-Javascript/sample-frontend"}
{"level":"debug","time":"2024-02-13T20:31:45.458Z","caller":"yamlconfigmanager/setup.go:2020","msg":"File in which test type is detected - /workspace/HyperExecute-Playwright-Vanilla-Javascript/sample-frontend/package.json"}
{"level":"debug","time":"2024-02-13T20:31:45.458Z","caller":"yamlconfigmanager/setup.go:2021","msg":"Pre command in which test type is detected - npx playwright install"}
{"level":"debug","time":"2024-02-13T20:31:45.471Z","caller":"yamlconfigmanager/setup.go:366","msg":"Automatic test type detected - playwright"}
{"level":"debug","time":"2024-02-13T20:31:45.507Z","caller":"yamlconfigmanager/setup.go:384","msg":"Tunnel: false"}
{"level":"info","time":"2024-02-13T20:31:45.507Z","caller":"models/HypertestYamlConfig.go:589","msg":"\n\u001b[4m\u001b[1m\u001b[97mExecution Plan\u001b[0m\u001b[0m\u001b[0m"}
{"level":"info","time":"2024-02-13T20:31:45.508Z","caller":"models/HypertestYamlConfig.go:393","msg":"Mode:    \u001b[36mautosplit\u001b[0m"}
{"level":"info","time":"2024-02-13T20:31:45.508Z","caller":"models/HypertestYamlConfig.go:453","msg":"Runson:    \u001b[36mwin\u001b[0m"}
{"level":"info","time":"2024-02-13T20:31:45.508Z","caller":"models/HypertestYamlConfig.go:461","msg":"Concurrency:    \u001b[36m1\u001b[0m"}
{"level":"info","time":"2024-02-13T20:31:45.508Z","caller":"models/HypertestYamlConfig.go:522","msg":"Report:    \u001b[36mdisabled\u001b[0m"}
{"level":"info","time":"2024-02-13T20:31:45.508Z","caller":"models/HypertestYamlConfig.go:554","msg":"Cache Directories:"}
{"level":"info","time":"2024-02-13T20:31:45.508Z","caller":"models/HypertestYamlConfig.go:556","msg":"    \u001b[36mnode_modules\u001b[0m"}
{"level":"info","time":"2024-02-13T20:31:45.508Z","caller":"models/HypertestYamlConfig.go:602","msg":""}
{"level":"debug","time":"2024-02-13T20:31:45.508Z","caller":"filevalidator/setup.go:46","msg":"Warning: Checking data.json file in current directory, no dataJsonPath found in .hyperexecute.yaml"}
{"level":"debug","time":"2024-02-13T20:31:45.508Z","caller":"filevalidator/setup.go:50","msg":"Warning: data.json file doesn't exist"}
{"level":"debug","time":"2024-02-13T20:31:45.508Z","caller":"testdiscoverer/discoverer.go:74","msg":"Test Discovery Command: cat hello.txt"}
{"level":"info","time":"2024-02-13T20:31:45.511Z","caller":"testdiscoverer/discoverer.go:89","msg":"\u001b[4m\u001b[1m\u001b[97mTest Discovery Result: 1\u001b[0m\u001b[0m\u001b[0m"}
{"level":"info","time":"2024-02-13T20:31:45.511Z","caller":"testdiscoverer/discoverer.go:90","msg":"    \u001b[2mhello\u001b[0m\n"}
{"level":"debug","time":"2024-02-13T20:31:46.341Z","caller":"core/lifecycle.go:404","msg":"Job ID: b98fe815-25a0-48ea-a5fb-f260dc4b6a36"}
{"level":"debug","time":"2024-02-13T20:31:46.341Z","caller":"core/lifecycle.go:410","msg":"User has provided playwright as test type for the job with ID b98fe815-25a0-48ea-a5fb-f260dc4b6a36"}
{"level":"debug","time":"2024-02-13T20:31:46.342Z","caller":"archivemanager/setup.go:340","msg":"digestMap: map[]"}
{"level":"debug","time":"2024-02-13T20:31:46.342Z","caller":"archivemanager/setup.go:346","msg":"Creating archive of target directory: /workspace/HyperExecute-Playwright-Vanilla-Javascript/sample-frontend"}
{"level":"debug","time":"2024-02-13T20:31:46.363Z","caller":"core/lifecycle.go:539","msg":"Zip file size: 200.71 kB"}
{"level":"debug","time":"2024-02-13T20:31:46.363Z","caller":"core/lifecycle.go:549","msg":"Archive location: /workspace/HyperExecute-Playwright-Vanilla-Javascript/sample-frontend/hyperexecute-code-b98fe815-25a0-48ea-a5fb-f260dc4b6a36.zip\n"}
{"level":"debug","time":"2024-02-13T20:31:46.364Z","caller":"storage/azure.go:55","msg":"Payload size: 200.71 kB, source path /workspace/HyperExecute-Playwright-Vanilla-Javascript/sample-frontend/hyperexecute-code-b98fe815-25a0-48ea-a5fb-f260dc4b6a36.zip"}
{"level":"debug","time":"2024-02-13T20:31:46.381Z","caller":"storage/azure.go:55","msg":"Payload size: 187.80 kB, source path /tmp/git.diff"}
{"level":"debug","time":"2024-02-13T20:31:48.537Z","caller":"receptionmanager/setup.go:207","msg":"number of entries in runtimes: 0, switching to new yaml format"}
{"level":"debug","time":"2024-02-13T20:31:48.538Z","caller":"receptionmanager/setup.go:149","msg":"Uploading yaml : /workspace/HyperExecute-Playwright-Vanilla-Javascript/sample-frontend/.updatedhyperexecute.yaml"}
{"level":"debug","time":"2024-02-13T20:31:48.538Z","caller":"storage/azure.go:55","msg":"Payload size: 2.45 kB, source path /workspace/HyperExecute-Playwright-Vanilla-Javascript/sample-frontend/.updatedhyperexecute.yaml"}
{"level":"debug","time":"2024-02-13T20:31:50.714Z","caller":"core/lifecycle.go:577","msg":"Successfully deleted code archive: /workspace/HyperExecute-Playwright-Vanilla-Javascript/sample-frontend/hyperexecute-code-b98fe815-25a0-48ea-a5fb-f260dc4b6a36.zip\n"}
{"level":"info","time":"2024-02-13T20:31:56.511Z","caller":"jobmanager/setup.go:129","msg":"Job \u001b[1m\u001b[4mb98fe815-25a0-48ea-a5fb-f260dc4b6a36\u001b[0m\u001b[0m has started \u001b[97mRUNNING\u001b[0m"}
{"level":"info","time":"2024-02-13T20:31:56.512Z","caller":"jobmanager/setup.go:372","msg":"Job Link: \u001b[4m\u001b[34mhttps://stage-hyperexecute.lambdatestinternal.com/hyperexecute/task?jobId=b98fe815-25a0-48ea-a5fb-f260dc4b6a36\u001b[0m\u001b[0m\n"}
{"level":"debug","time":"2024-02-13T20:31:56.512Z","caller":"jobmanager/setup.go:138","msg":"New Tasks generated"}
{"level":"debug","time":"2024-02-13T20:31:56.512Z","caller":"jobmanager/setup.go:149","msg":"Task id: a106398e-b412-4ee6-99ab-31b8b6213d97"}
{"level":"debug","time":"2024-02-13T20:31:56.512Z","caller":"jobmanager/setup.go:152","msg":"Sending new task alert to stage manager for taskId: a106398e-b412-4ee6-99ab-31b8b6213d97"}
{"level":"debug","time":"2024-02-13T20:33:16.529Z","caller":"jobmanager/setup.go:204","msg":"\n\nJob status"}
{"level":"info","time":"2024-02-13T20:33:16.529Z","caller":"core/lifecycle.go:648","msg":"taskId:a106398e-b412-4ee6-99ab-31b8b6213d97 has failed with remark: error in running test suites - step 1 - exit status 1\n"}
{"level":"info","time":"2024-02-13T20:33:16.529Z","caller":"jobmanager/JobSummaryManager.go:37","msg":"\n\u001b[101m FAILED \u001b[0m\n"}
{"level":"info","time":"2024-02-13T20:33:16.529Z","caller":"jobmanager/JobSummaryManager.go:96","msg":"    \u001b[1mTest Execution Time\u001b[0m:                  \u001b[91m3s\u001b[0m"}
{"level":"info","time":"2024-02-13T20:33:16.529Z","caller":"jobmanager/JobSummaryManager.go:96","msg":"    \u001b[1mJob Duration Time\u001b[0m:                    1m21s"}
{"level":"info","time":"2024-02-13T20:33:16.529Z","caller":"jobmanager/JobSummaryManager.go:96","msg":"    \u001b[1mTotal Tasks\u001b[0m:                          1"}
{"level":"info","time":"2024-02-13T20:33:16.529Z","caller":"jobmanager/JobSummaryManager.go:96","msg":"    \u001b[1mCumulative Time Consumed\u001b[0m:             1m21s"}
{"level":"info","time":"2024-02-13T20:33:16.529Z","caller":"jobmanager/JobSummaryManager.go:96","msg":"    \u001b[1mTotal Stages\u001b[0m:                         3"}
{"level":"debug","time":"2024-02-13T20:33:16.529Z","caller":"core/lifecycle.go:740","msg":"Context canceled"}
{"level":"info","time":"2024-02-13T20:33:16.529Z","caller":"jobmanager/JobSummaryManager.go:96","msg":"    \u001b[1mPass discovery stage percentage\u001b[0m:      100.00%"}
{"level":"info","time":"2024-02-13T20:33:16.529Z","caller":"jobmanager/JobSummaryManager.go:96","msg":"    \u001b[1mFailed discovery stage percentage\u001b[0m:    0.00%"}
{"level":"info","time":"2024-02-13T20:33:16.529Z","caller":"core/lifecycle.go:743","msg":"\u001b[2mStopping pipeline gracefully\u001b[0m"}
{"level":"info","time":"2024-02-13T20:33:16.529Z","caller":"jobmanager/JobSummaryManager.go:96","msg":"    \u001b[1mPass pre stage percentage\u001b[0m:            \u001b[92m100.00%\u001b[0m"}
{"level":"error","time":"2024-02-13T20:33:16.529Z","caller":"core/lifecycle.go:746","msg":"2024-02-13T20:31:44Z    error    Exiting with error: Failed tasks found."}
{"level":"info","time":"2024-02-13T20:33:16.529Z","caller":"jobmanager/setup.go:372","msg":"Job Link: \u001b[4m\u001b[34mhttps://stage-hyperexecute.lambdatestinternal.com/hyperexecute/task?jobId=b98fe815-25a0-48ea-a5fb-f260dc4b6a36\u001b[0m\u001b[0m\n"}
{"level":"debug","time":"2024-02-13T20:33:16.529Z","caller":"core/lifecycle.go:54","msg":"Quit requested from main goroutine...."}
{"level":"debug","time":"2024-02-13T20:33:16.530Z","caller":"core/lifecycle.go:55","msg":"Waiting for the goroutines to exit"}
{"level":"debug","time":"2024-02-13T20:33:16.530Z","caller":"core/lifecycle.go:58","msg":"All lifecycle goroutines exited"}
{"level":"debug","time":"2024-02-13T20:33:16.530Z","caller":"cmd/bin.go:309","msg":"Exiting application due to error Failed tasks found."}
{"level":"info","time":"2024-02-13T20:33:16.529Z","caller":"jobmanager/JobSummaryManager.go:96","msg":"    \u001b[1mFailed pre stage percentage\u001b[0m:          0.00%"}
{"level":"info","time":"2024-02-13T20:33:16.530Z","caller":"jobmanager/JobSummaryManager.go:96","msg":"    \u001b[1mPass test stage percentage\u001b[0m:           0.00%"}
{"level":"debug","time":"2024-02-13T20:35:09.295Z","caller":"cmd/bin.go:105","msg":"cli os: linux, cli arch: amd64"}
{"level":"debug","time":"2024-02-13T20:35:09.637Z","caller":"cmd/bin.go:114","msg":"Upstream version details: {Name:cli Min:0.2.277 Max:0.2.295} "}
{"level":"debug","time":"2024-02-13T20:35:10.457Z","caller":"core/lifecycle.go:116","msg":"Setting environment"}
{"level":"debug","time":"2024-02-13T20:35:10.457Z","caller":"core/lifecycle.go:119","msg":"Parsing config"}
{"level":"debug","time":"2024-02-13T20:35:10.457Z","caller":"yamlconfigmanager/setup.go:532","msg":"Custom location for .hyperexecute.yaml specified. Using: .hyperexecute_autosplits.yaml"}
{"level":"debug","time":"2024-02-13T20:35:10.457Z","caller":"yamlconfigmanager/setup.go:88","msg":"using hyperexecute config from : .hyperexecute_autosplits.yaml"}
{"level":"debug","time":"2024-02-13T20:35:10.633Z","caller":"yamlconfigmanager/setup.go:1978","msg":"Autodetecting test type in files of path : /workspace/HyperExecute-Playwright-Vanilla-Javascript/sample-frontend"}
{"level":"debug","time":"2024-02-13T20:35:10.633Z","caller":"yamlconfigmanager/setup.go:2020","msg":"File in which test type is detected - /workspace/HyperExecute-Playwright-Vanilla-Javascript/sample-frontend/package.json"}
{"level":"debug","time":"2024-02-13T20:35:10.633Z","caller":"yamlconfigmanager/setup.go:2021","msg":"Pre command in which test type is detected - npx playwright install"}
{"level":"debug","time":"2024-02-13T20:35:10.633Z","caller":"yamlconfigmanager/setup.go:366","msg":"Automatic test type detected - playwright"}
{"level":"debug","time":"2024-02-13T20:35:10.633Z","caller":"yamlconfigmanager/setup.go:384","msg":"Tunnel: false"}
{"level":"info","time":"2024-02-13T20:35:10.633Z","caller":"models/HypertestYamlConfig.go:589","msg":"\n\u001b[4m\u001b[1m\u001b[97mExecution Plan\u001b[0m\u001b[0m\u001b[0m"}
{"level":"info","time":"2024-02-13T20:35:10.633Z","caller":"models/HypertestYamlConfig.go:393","msg":"Mode:    \u001b[36mautosplit\u001b[0m"}
{"level":"info","time":"2024-02-13T20:35:10.633Z","caller":"models/HypertestYamlConfig.go:453","msg":"Runson:    \u001b[36mwin\u001b[0m"}
{"level":"info","time":"2024-02-13T20:35:10.633Z","caller":"models/HypertestYamlConfig.go:461","msg":"Concurrency:    \u001b[36m1\u001b[0m"}
{"level":"info","time":"2024-02-13T20:35:10.633Z","caller":"models/HypertestYamlConfig.go:522","msg":"Report:    \u001b[36mdisabled\u001b[0m"}
{"level":"info","time":"2024-02-13T20:35:10.633Z","caller":"models/HypertestYamlConfig.go:554","msg":"Cache Directories:"}
{"level":"info","time":"2024-02-13T20:35:10.633Z","caller":"models/HypertestYamlConfig.go:556","msg":"    \u001b[36mnode_modules\u001b[0m"}
{"level":"info","time":"2024-02-13T20:35:10.633Z","caller":"models/HypertestYamlConfig.go:602","msg":""}
{"level":"debug","time":"2024-02-13T20:35:10.633Z","caller":"filevalidator/setup.go:46","msg":"Warning: Checking data.json file in current directory, no dataJsonPath found in .hyperexecute.yaml"}
{"level":"debug","time":"2024-02-13T20:35:10.633Z","caller":"filevalidator/setup.go:50","msg":"Warning: data.json file doesn't exist"}
{"level":"debug","time":"2024-02-13T20:35:10.633Z","caller":"testdiscoverer/discoverer.go:74","msg":"Test Discovery Command: cat hello.txt"}
{"level":"info","time":"2024-02-13T20:35:10.637Z","caller":"testdiscoverer/discoverer.go:89","msg":"\u001b[4m\u001b[1m\u001b[97mTest Discovery Result: 1\u001b[0m\u001b[0m\u001b[0m"}
{"level":"info","time":"2024-02-13T20:35:10.637Z","caller":"testdiscoverer/discoverer.go:90","msg":"    \u001b[2mhello\u001b[0m\n"}
{"level":"debug","time":"2024-02-13T20:35:11.368Z","caller":"core/lifecycle.go:404","msg":"Job ID: e8a61c8d-99f9-4425-833c-1836e4f7625a"}
{"level":"debug","time":"2024-02-13T20:35:11.368Z","caller":"core/lifecycle.go:410","msg":"User has provided playwright as test type for the job with ID e8a61c8d-99f9-4425-833c-1836e4f7625a"}
{"level":"debug","time":"2024-02-13T20:35:11.369Z","caller":"archivemanager/setup.go:340","msg":"digestMap: map[]"}
{"level":"debug","time":"2024-02-13T20:35:11.369Z","caller":"archivemanager/setup.go:346","msg":"Creating archive of target directory: /workspace/HyperExecute-Playwright-Vanilla-Javascript/sample-frontend"}
{"level":"debug","time":"2024-02-13T20:35:11.391Z","caller":"core/lifecycle.go:539","msg":"Zip file size: 200.72 kB"}
{"level":"debug","time":"2024-02-13T20:35:11.391Z","caller":"core/lifecycle.go:549","msg":"Archive location: /workspace/HyperExecute-Playwright-Vanilla-Javascript/sample-frontend/hyperexecute-code-e8a61c8d-99f9-4425-833c-1836e4f7625a.zip\n"}
{"level":"debug","time":"2024-02-13T20:35:11.391Z","caller":"storage/azure.go:55","msg":"Payload size: 200.72 kB, source path /workspace/HyperExecute-Playwright-Vanilla-Javascript/sample-frontend/hyperexecute-code-e8a61c8d-99f9-4425-833c-1836e4f7625a.zip"}
{"level":"debug","time":"2024-02-13T20:35:11.409Z","caller":"storage/azure.go:55","msg":"Payload size: 187.80 kB, source path /tmp/git.diff"}
{"level":"debug","time":"2024-02-13T20:35:13.561Z","caller":"receptionmanager/setup.go:207","msg":"number of entries in runtimes: 0, switching to new yaml format"}
{"level":"debug","time":"2024-02-13T20:35:13.561Z","caller":"receptionmanager/setup.go:149","msg":"Uploading yaml : /workspace/HyperExecute-Playwright-Vanilla-Javascript/sample-frontend/.updatedhyperexecute.yaml"}
{"level":"debug","time":"2024-02-13T20:35:13.561Z","caller":"storage/azure.go:55","msg":"Payload size: 2.45 kB, source path /workspace/HyperExecute-Playwright-Vanilla-Javascript/sample-frontend/.updatedhyperexecute.yaml"}
{"level":"debug","time":"2024-02-13T20:35:15.753Z","caller":"core/lifecycle.go:577","msg":"Successfully deleted code archive: /workspace/HyperExecute-Playwright-Vanilla-Javascript/sample-frontend/hyperexecute-code-e8a61c8d-99f9-4425-833c-1836e4f7625a.zip\n"}
{"level":"info","time":"2024-02-13T20:35:21.465Z","caller":"jobmanager/setup.go:129","msg":"Job \u001b[1m\u001b[4me8a61c8d-99f9-4425-833c-1836e4f7625a\u001b[0m\u001b[0m has started \u001b[97mRUNNING\u001b[0m"}
{"level":"info","time":"2024-02-13T20:35:21.465Z","caller":"jobmanager/setup.go:372","msg":"Job Link: \u001b[4m\u001b[34mhttps://stage-hyperexecute.lambdatestinternal.com/hyperexecute/task?jobId=e8a61c8d-99f9-4425-833c-1836e4f7625a\u001b[0m\u001b[0m\n"}
{"level":"debug","time":"2024-02-13T20:35:21.465Z","caller":"jobmanager/setup.go:138","msg":"New Tasks generated"}
{"level":"debug","time":"2024-02-13T20:35:21.465Z","caller":"jobmanager/setup.go:149","msg":"Task id: d825fed5-fec7-4ee6-8e66-9678a59d4aa0"}
{"level":"debug","time":"2024-02-13T20:35:21.465Z","caller":"jobmanager/setup.go:152","msg":"Sending new task alert to stage manager for taskId: d825fed5-fec7-4ee6-8e66-9678a59d4aa0"}
{"level":"debug","time":"2024-02-13T20:39:14.904Z","caller":"cmd/bin.go:278","msg":"main: received C-c - attempting graceful shutdown ...."}
{"level":"debug","time":"2024-02-13T20:39:14.904Z","caller":"cmd/bin.go:279","msg":"Sending abort job signal to sentinel"}
{"level":"debug","time":"2024-02-13T20:39:14.904Z","caller":"cmd/bin.go:285","msg":"Sending request to abort job"}
{"level":"debug","time":"2024-02-13T20:39:15.245Z","caller":"cmd/bin.go:294","msg":"main: telling goroutines to stop"}
{"level":"debug","time":"2024-02-13T20:39:15.245Z","caller":"core/lifecycle.go:740","msg":"Context canceled"}
{"level":"info","time":"2024-02-13T20:39:15.246Z","caller":"core/lifecycle.go:743","msg":"\u001b[2mStopping pipeline gracefully\u001b[0m"}
{"level":"info","time":"2024-02-13T20:39:15.246Z","caller":"jobmanager/setup.go:372","msg":"Job Link: \u001b[4m\u001b[34mhttps://stage-hyperexecute.lambdatestinternal.com/hyperexecute/task?jobId=e8a61c8d-99f9-4425-833c-1836e4f7625a\u001b[0m\u001b[0m\n"}
{"level":"debug","time":"2024-02-13T20:39:15.246Z","caller":"core/lifecycle.go:54","msg":"Quit requested from main goroutine...."}
{"level":"debug","time":"2024-02-13T20:39:15.247Z","caller":"core/lifecycle.go:55","msg":"Waiting for the goroutines to exit"}
{"level":"debug","time":"2024-02-13T20:39:15.247Z","caller":"core/lifecycle.go:58","msg":"All lifecycle goroutines exited"}
{"level":"debug","time":"2024-02-13T20:39:15.247Z","caller":"cmd/bin.go:270","msg":"main: all goroutines have finished."}
{"level":"debug","time":"2024-02-13T20:39:15.247Z","caller":"cmd/bin.go:298","msg":"Go routines exited within timeout"}
{"level":"debug","time":"2024-02-13T20:47:01.070Z","caller":"cmd/bin.go:105","msg":"cli os: linux, cli arch: amd64"}
{"level":"debug","time":"2024-02-13T20:47:01.225Z","caller":"cmd/bin.go:114","msg":"Upstream version details: {Name:cli Min:0.2.277 Max:0.2.295} "}
{"level":"debug","time":"2024-02-13T20:47:02.014Z","caller":"core/lifecycle.go:116","msg":"Setting environment"}
{"level":"debug","time":"2024-02-13T20:47:02.014Z","caller":"core/lifecycle.go:119","msg":"Parsing config"}
{"level":"debug","time":"2024-02-13T20:47:02.014Z","caller":"yamlconfigmanager/setup.go:532","msg":"Custom location for .hyperexecute.yaml specified. Using: .hyperexecute_autosplits.yaml"}
{"level":"debug","time":"2024-02-13T20:47:02.014Z","caller":"yamlconfigmanager/setup.go:88","msg":"using hyperexecute config from : .hyperexecute_autosplits.yaml"}
{"level":"debug","time":"2024-02-13T20:47:02.347Z","caller":"yamlconfigmanager/setup.go:1978","msg":"Autodetecting test type in files of path : /workspace/HyperExecute-Playwright-Vanilla-Javascript/sample-frontend"}
{"level":"debug","time":"2024-02-13T20:47:02.347Z","caller":"yamlconfigmanager/setup.go:2020","msg":"File in which test type is detected - /workspace/HyperExecute-Playwright-Vanilla-Javascript/sample-frontend/package.json"}
{"level":"debug","time":"2024-02-13T20:47:02.347Z","caller":"yamlconfigmanager/setup.go:2021","msg":"Pre command in which test type is detected - npx playwright install"}
{"level":"debug","time":"2024-02-13T20:47:02.347Z","caller":"yamlconfigmanager/setup.go:366","msg":"Automatic test type detected - playwright"}
{"level":"debug","time":"2024-02-13T20:47:02.347Z","caller":"yamlconfigmanager/setup.go:384","msg":"Tunnel: false"}
{"level":"info","time":"2024-02-13T20:47:02.347Z","caller":"models/HypertestYamlConfig.go:589","msg":"\n\u001b[4m\u001b[1m\u001b[97mExecution Plan\u001b[0m\u001b[0m\u001b[0m"}
{"level":"info","time":"2024-02-13T20:47:02.347Z","caller":"models/HypertestYamlConfig.go:393","msg":"Mode:    \u001b[36mautosplit\u001b[0m"}
{"level":"info","time":"2024-02-13T20:47:02.347Z","caller":"models/HypertestYamlConfig.go:453","msg":"Runson:    \u001b[36mwin\u001b[0m"}
{"level":"info","time":"2024-02-13T20:47:02.347Z","caller":"models/HypertestYamlConfig.go:461","msg":"Concurrency:    \u001b[36m1\u001b[0m"}
{"level":"info","time":"2024-02-13T20:47:02.347Z","caller":"models/HypertestYamlConfig.go:522","msg":"Report:    \u001b[36mdisabled\u001b[0m"}
{"level":"info","time":"2024-02-13T20:47:02.347Z","caller":"models/HypertestYamlConfig.go:554","msg":"Cache Directories:"}
{"level":"info","time":"2024-02-13T20:47:02.347Z","caller":"models/HypertestYamlConfig.go:556","msg":"    \u001b[36mnode_modules\u001b[0m"}
{"level":"info","time":"2024-02-13T20:47:02.347Z","caller":"models/HypertestYamlConfig.go:602","msg":""}
{"level":"debug","time":"2024-02-13T20:47:02.347Z","caller":"filevalidator/setup.go:46","msg":"Warning: Checking data.json file in current directory, no dataJsonPath found in .hyperexecute.yaml"}
{"level":"debug","time":"2024-02-13T20:47:02.348Z","caller":"filevalidator/setup.go:50","msg":"Warning: data.json file doesn't exist"}
{"level":"debug","time":"2024-02-13T20:47:02.348Z","caller":"testdiscoverer/discoverer.go:74","msg":"Test Discovery Command: cat hello.txt"}
{"level":"info","time":"2024-02-13T20:47:02.352Z","caller":"testdiscoverer/discoverer.go:89","msg":"\u001b[4m\u001b[1m\u001b[97mTest Discovery Result: 1\u001b[0m\u001b[0m\u001b[0m"}
{"level":"info","time":"2024-02-13T20:47:02.352Z","caller":"testdiscoverer/discoverer.go:90","msg":"    \u001b[2mhello\u001b[0m\n"}
{"level":"debug","time":"2024-02-13T20:47:03.016Z","caller":"core/lifecycle.go:404","msg":"Job ID: 68b6ae43-9a82-4c8f-a915-6cfa45a0626f"}
{"level":"debug","time":"2024-02-13T20:47:03.016Z","caller":"core/lifecycle.go:410","msg":"User has provided playwright as test type for the job with ID 68b6ae43-9a82-4c8f-a915-6cfa45a0626f"}
{"level":"debug","time":"2024-02-13T20:47:03.016Z","caller":"archivemanager/setup.go:340","msg":"digestMap: map[]"}
{"level":"debug","time":"2024-02-13T20:47:03.016Z","caller":"archivemanager/setup.go:346","msg":"Creating archive of target directory: /workspace/HyperExecute-Playwright-Vanilla-Javascript/sample-frontend"}
{"level":"debug","time":"2024-02-13T20:47:03.035Z","caller":"core/lifecycle.go:539","msg":"Zip file size: 200.70 kB"}
{"level":"debug","time":"2024-02-13T20:47:03.035Z","caller":"core/lifecycle.go:549","msg":"Archive location: /workspace/HyperExecute-Playwright-Vanilla-Javascript/sample-frontend/hyperexecute-code-68b6ae43-9a82-4c8f-a915-6cfa45a0626f.zip\n"}
{"level":"debug","time":"2024-02-13T20:47:03.035Z","caller":"storage/azure.go:55","msg":"Payload size: 200.70 kB, source path /workspace/HyperExecute-Playwright-Vanilla-Javascript/sample-frontend/hyperexecute-code-68b6ae43-9a82-4c8f-a915-6cfa45a0626f.zip"}
{"level":"debug","time":"2024-02-13T20:47:03.053Z","caller":"storage/azure.go:55","msg":"Payload size: 187.80 kB, source path /tmp/git.diff"}
{"level":"debug","time":"2024-02-13T20:47:05.216Z","caller":"receptionmanager/setup.go:207","msg":"number of entries in runtimes: 0, switching to new yaml format"}
{"level":"debug","time":"2024-02-13T20:47:05.216Z","caller":"receptionmanager/setup.go:149","msg":"Uploading yaml : /workspace/HyperExecute-Playwright-Vanilla-Javascript/sample-frontend/.updatedhyperexecute.yaml"}
{"level":"debug","time":"2024-02-13T20:47:05.216Z","caller":"storage/azure.go:55","msg":"Payload size: 2.45 kB, source path /workspace/HyperExecute-Playwright-Vanilla-Javascript/sample-frontend/.updatedhyperexecute.yaml"}
{"level":"debug","time":"2024-02-13T20:47:07.375Z","caller":"core/lifecycle.go:577","msg":"Successfully deleted code archive: /workspace/HyperExecute-Playwright-Vanilla-Javascript/sample-frontend/hyperexecute-code-68b6ae43-9a82-4c8f-a915-6cfa45a0626f.zip\n"}
{"level":"info","time":"2024-02-13T20:47:13.282Z","caller":"jobmanager/setup.go:129","msg":"Job \u001b[1m\u001b[4m68b6ae43-9a82-4c8f-a915-6cfa45a0626f\u001b[0m\u001b[0m has started \u001b[97mRUNNING\u001b[0m"}
{"level":"info","time":"2024-02-13T20:47:13.282Z","caller":"jobmanager/setup.go:372","msg":"Job Link: \u001b[4m\u001b[34mhttps://stage-hyperexecute.lambdatestinternal.com/hyperexecute/task?jobId=68b6ae43-9a82-4c8f-a915-6cfa45a0626f\u001b[0m\u001b[0m\n"}
{"level":"debug","time":"2024-02-13T20:47:13.282Z","caller":"jobmanager/setup.go:138","msg":"New Tasks generated"}
{"level":"debug","time":"2024-02-13T20:47:13.282Z","caller":"jobmanager/setup.go:149","msg":"Task id: 4425f9fe-3eab-48cb-84f7-3a5e3d66e418"}
{"level":"debug","time":"2024-02-13T20:47:13.282Z","caller":"jobmanager/setup.go:152","msg":"Sending new task alert to stage manager for taskId: 4425f9fe-3eab-48cb-84f7-3a5e3d66e418"}
{"level":"debug","time":"2024-02-13T20:48:58.460Z","caller":"cmd/bin.go:278","msg":"main: received C-c - attempting graceful shutdown ...."}
{"level":"debug","time":"2024-02-13T20:48:58.460Z","caller":"cmd/bin.go:279","msg":"Sending abort job signal to sentinel"}
{"level":"debug","time":"2024-02-13T20:48:58.460Z","caller":"cmd/bin.go:285","msg":"Sending request to abort job"}
{"level":"debug","time":"2024-02-13T20:48:58.805Z","caller":"cmd/bin.go:294","msg":"main: telling goroutines to stop"}
{"level":"debug","time":"2024-02-13T20:48:58.806Z","caller":"core/lifecycle.go:740","msg":"Context canceled"}
{"level":"info","time":"2024-02-13T20:48:58.806Z","caller":"core/lifecycle.go:743","msg":"\u001b[2mStopping pipeline gracefully\u001b[0m"}
{"level":"info","time":"2024-02-13T20:48:58.806Z","caller":"jobmanager/setup.go:372","msg":"Job Link: \u001b[4m\u001b[34mhttps://stage-hyperexecute.lambdatestinternal.com/hyperexecute/task?jobId=68b6ae43-9a82-4c8f-a915-6cfa45a0626f\u001b[0m\u001b[0m\n"}
{"level":"debug","time":"2024-02-13T20:48:58.806Z","caller":"core/lifecycle.go:54","msg":"Quit requested from main goroutine...."}
{"level":"debug","time":"2024-02-13T20:48:58.807Z","caller":"core/lifecycle.go:55","msg":"Waiting for the goroutines to exit"}
{"level":"debug","time":"2024-02-13T20:48:58.807Z","caller":"core/lifecycle.go:58","msg":"All lifecycle goroutines exited"}
{"level":"debug","time":"2024-02-13T20:48:58.807Z","caller":"cmd/bin.go:270","msg":"main: all goroutines have finished."}
{"level":"debug","time":"2024-02-13T20:48:58.808Z","caller":"cmd/bin.go:298","msg":"Go routines exited within timeout"}
{"level":"debug","time":"2024-02-13T20:52:14.988Z","caller":"cmd/bin.go:105","msg":"cli os: linux, cli arch: amd64"}
{"level":"debug","time":"2024-02-13T20:52:15.284Z","caller":"cmd/bin.go:114","msg":"Upstream version details: {Name:cli Min:0.2.277 Max:0.2.295} "}
{"level":"debug","time":"2024-02-13T20:52:16.007Z","caller":"core/lifecycle.go:116","msg":"Setting environment"}
{"level":"debug","time":"2024-02-13T20:52:16.007Z","caller":"core/lifecycle.go:119","msg":"Parsing config"}
{"level":"debug","time":"2024-02-13T20:52:16.007Z","caller":"yamlconfigmanager/setup.go:532","msg":"Custom location for .hyperexecute.yaml specified. Using: .hyperexecute_autosplits.yaml"}
{"level":"debug","time":"2024-02-13T20:52:16.007Z","caller":"yamlconfigmanager/setup.go:88","msg":"using hyperexecute config from : .hyperexecute_autosplits.yaml"}
{"level":"debug","time":"2024-02-13T20:52:16.191Z","caller":"yamlconfigmanager/setup.go:1978","msg":"Autodetecting test type in files of path : /workspace/HyperExecute-Playwright-Vanilla-Javascript/sample-frontend"}
{"level":"debug","time":"2024-02-13T20:52:16.191Z","caller":"yamlconfigmanager/setup.go:2020","msg":"File in which test type is detected - /workspace/HyperExecute-Playwright-Vanilla-Javascript/sample-frontend/package.json"}
{"level":"debug","time":"2024-02-13T20:52:16.191Z","caller":"yamlconfigmanager/setup.go:2021","msg":"Pre command in which test type is detected - npx playwright install"}
{"level":"debug","time":"2024-02-13T20:52:16.191Z","caller":"yamlconfigmanager/setup.go:366","msg":"Automatic test type detected - playwright"}
{"level":"debug","time":"2024-02-13T20:52:16.191Z","caller":"yamlconfigmanager/setup.go:384","msg":"Tunnel: false"}
{"level":"info","time":"2024-02-13T20:52:16.191Z","caller":"models/HypertestYamlConfig.go:589","msg":"\n\u001b[4m\u001b[1m\u001b[97mExecution Plan\u001b[0m\u001b[0m\u001b[0m"}
{"level":"info","time":"2024-02-13T20:52:16.191Z","caller":"models/HypertestYamlConfig.go:393","msg":"Mode:    \u001b[36mautosplit\u001b[0m"}
{"level":"info","time":"2024-02-13T20:52:16.191Z","caller":"models/HypertestYamlConfig.go:453","msg":"Runson:    \u001b[36mwin\u001b[0m"}
{"level":"info","time":"2024-02-13T20:52:16.191Z","caller":"models/HypertestYamlConfig.go:461","msg":"Concurrency:    \u001b[36m1\u001b[0m"}
{"level":"info","time":"2024-02-13T20:52:16.191Z","caller":"models/HypertestYamlConfig.go:522","msg":"Report:    \u001b[36mdisabled\u001b[0m"}
{"level":"info","time":"2024-02-13T20:52:16.191Z","caller":"models/HypertestYamlConfig.go:554","msg":"Cache Directories:"}
{"level":"info","time":"2024-02-13T20:52:16.191Z","caller":"models/HypertestYamlConfig.go:556","msg":"    \u001b[36mnode_modules\u001b[0m"}
{"level":"info","time":"2024-02-13T20:52:16.191Z","caller":"models/HypertestYamlConfig.go:602","msg":""}
{"level":"debug","time":"2024-02-13T20:52:16.191Z","caller":"filevalidator/setup.go:46","msg":"Warning: Checking data.json file in current directory, no dataJsonPath found in .hyperexecute.yaml"}
{"level":"debug","time":"2024-02-13T20:52:16.191Z","caller":"filevalidator/setup.go:50","msg":"Warning: data.json file doesn't exist"}
{"level":"debug","time":"2024-02-13T20:52:16.191Z","caller":"testdiscoverer/discoverer.go:74","msg":"Test Discovery Command: cat hello.txt"}
{"level":"info","time":"2024-02-13T20:52:16.195Z","caller":"testdiscoverer/discoverer.go:89","msg":"\u001b[4m\u001b[1m\u001b[97mTest Discovery Result: 1\u001b[0m\u001b[0m\u001b[0m"}
{"level":"info","time":"2024-02-13T20:52:16.195Z","caller":"testdiscoverer/discoverer.go:90","msg":"    \u001b[2mhello\u001b[0m\n"}
{"level":"debug","time":"2024-02-13T20:52:16.803Z","caller":"core/lifecycle.go:404","msg":"Job ID: 7d7fd6dd-b01a-482a-a856-2fab4fa0f706"}
{"level":"debug","time":"2024-02-13T20:52:16.803Z","caller":"core/lifecycle.go:410","msg":"User has provided playwright as test type for the job with ID 7d7fd6dd-b01a-482a-a856-2fab4fa0f706"}
{"level":"debug","time":"2024-02-13T20:52:16.803Z","caller":"archivemanager/setup.go:340","msg":"digestMap: map[]"}
{"level":"debug","time":"2024-02-13T20:52:16.803Z","caller":"archivemanager/setup.go:346","msg":"Creating archive of target directory: /workspace/HyperExecute-Playwright-Vanilla-Javascript/sample-frontend"}
{"level":"debug","time":"2024-02-13T20:52:16.824Z","caller":"core/lifecycle.go:539","msg":"Zip file size: 200.73 kB"}
{"level":"debug","time":"2024-02-13T20:52:16.824Z","caller":"core/lifecycle.go:549","msg":"Archive location: /workspace/HyperExecute-Playwright-Vanilla-Javascript/sample-frontend/hyperexecute-code-7d7fd6dd-b01a-482a-a856-2fab4fa0f706.zip\n"}
{"level":"debug","time":"2024-02-13T20:52:16.824Z","caller":"storage/azure.go:55","msg":"Payload size: 200.73 kB, source path /workspace/HyperExecute-Playwright-Vanilla-Javascript/sample-frontend/hyperexecute-code-7d7fd6dd-b01a-482a-a856-2fab4fa0f706.zip"}
{"level":"debug","time":"2024-02-13T20:52:16.833Z","caller":"storage/azure.go:55","msg":"Payload size: 187.80 kB, source path /tmp/git.diff"}
{"level":"debug","time":"2024-02-13T20:52:19.002Z","caller":"receptionmanager/setup.go:207","msg":"number of entries in runtimes: 0, switching to new yaml format"}
{"level":"debug","time":"2024-02-13T20:52:19.002Z","caller":"receptionmanager/setup.go:149","msg":"Uploading yaml : /workspace/HyperExecute-Playwright-Vanilla-Javascript/sample-frontend/.updatedhyperexecute.yaml"}
{"level":"debug","time":"2024-02-13T20:52:19.002Z","caller":"storage/azure.go:55","msg":"Payload size: 2.45 kB, source path /workspace/HyperExecute-Playwright-Vanilla-Javascript/sample-frontend/.updatedhyperexecute.yaml"}
{"level":"debug","time":"2024-02-13T20:52:21.174Z","caller":"core/lifecycle.go:577","msg":"Successfully deleted code archive: /workspace/HyperExecute-Playwright-Vanilla-Javascript/sample-frontend/hyperexecute-code-7d7fd6dd-b01a-482a-a856-2fab4fa0f706.zip\n"}
{"level":"info","time":"2024-02-13T20:52:26.946Z","caller":"jobmanager/setup.go:129","msg":"Job \u001b[1m\u001b[4m7d7fd6dd-b01a-482a-a856-2fab4fa0f706\u001b[0m\u001b[0m has started \u001b[97mRUNNING\u001b[0m"}
{"level":"info","time":"2024-02-13T20:52:26.946Z","caller":"jobmanager/setup.go:372","msg":"Job Link: \u001b[4m\u001b[34mhttps://stage-hyperexecute.lambdatestinternal.com/hyperexecute/task?jobId=7d7fd6dd-b01a-482a-a856-2fab4fa0f706\u001b[0m\u001b[0m\n"}
{"level":"debug","time":"2024-02-13T20:52:26.946Z","caller":"jobmanager/setup.go:138","msg":"New Tasks generated"}
{"level":"debug","time":"2024-02-13T20:52:26.946Z","caller":"jobmanager/setup.go:149","msg":"Task id: 8d4953cd-155f-47b8-b615-5a107d8814ad"}
{"level":"debug","time":"2024-02-13T20:52:26.946Z","caller":"jobmanager/setup.go:152","msg":"Sending new task alert to stage manager for taskId: 8d4953cd-155f-47b8-b615-5a107d8814ad"}
{"level":"debug","time":"2024-02-13T20:53:41.918Z","caller":"jobmanager/setup.go:204","msg":"\n\nJob status"}
{"level":"info","time":"2024-02-13T20:53:41.918Z","caller":"jobmanager/JobSummaryManager.go:37","msg":"\n\u001b[102m\u001b[1m\u001b[30m PARTIALLY COMPLETED \u001b[0m\u001b[0m\u001b[0m\n"}
{"level":"info","time":"2024-02-13T20:53:41.918Z","caller":"jobmanager/JobSummaryManager.go:96","msg":"    \u001b[1mTest Execution Time\u001b[0m:                  \u001b[92m12s\u001b[0m"}
{"level":"debug","time":"2024-02-13T20:53:41.918Z","caller":"core/lifecycle.go:740","msg":"Context canceled"}
{"level":"info","time":"2024-02-13T20:53:41.918Z","caller":"core/lifecycle.go:743","msg":"\u001b[2mStopping pipeline gracefully\u001b[0m"}
{"level":"info","time":"2024-02-13T20:53:41.918Z","caller":"jobmanager/setup.go:372","msg":"Job Link: \u001b[4m\u001b[34mhttps://stage-hyperexecute.lambdatestinternal.com/hyperexecute/task?jobId=7d7fd6dd-b01a-482a-a856-2fab4fa0f706\u001b[0m\u001b[0m\n"}
{"level":"info","time":"2024-02-13T20:53:41.918Z","caller":"jobmanager/JobSummaryManager.go:96","msg":"    \u001b[1mJob Duration Time\u001b[0m:                    1m16s"}
{"level":"info","time":"2024-02-13T20:53:41.918Z","caller":"jobmanager/JobSummaryManager.go:96","msg":"    \u001b[1mTotal Tasks\u001b[0m:                          1"}
{"level":"info","time":"2024-02-13T20:53:41.918Z","caller":"jobmanager/JobSummaryManager.go:96","msg":"    \u001b[1mCumulative Time Consumed\u001b[0m:             1m16s"}
{"level":"info","time":"2024-02-13T20:53:41.918Z","caller":"jobmanager/JobSummaryManager.go:96","msg":"    \u001b[1mTotal Stages\u001b[0m:                         3"}
{"level":"debug","time":"2024-02-13T20:53:41.918Z","caller":"core/lifecycle.go:54","msg":"Quit requested from main goroutine...."}
{"level":"info","time":"2024-02-13T20:53:41.918Z","caller":"jobmanager/JobSummaryManager.go:96","msg":"    \u001b[1mPass discovery stage percentage\u001b[0m:      100.00%"}
{"level":"info","time":"2024-02-13T20:53:41.918Z","caller":"jobmanager/JobSummaryManager.go:96","msg":"    \u001b[1mFailed discovery stage percentage\u001b[0m:    0.00%"}
{"level":"debug","time":"2024-02-13T20:53:41.918Z","caller":"core/lifecycle.go:55","msg":"Waiting for the goroutines to exit"}
{"level":"info","time":"2024-02-13T20:53:41.919Z","caller":"jobmanager/JobSummaryManager.go:96","msg":"    \u001b[1mPass pre stage percentage\u001b[0m:            \u001b[92m100.00%\u001b[0m"}
{"level":"info","time":"2024-02-13T20:53:41.919Z","caller":"jobmanager/JobSummaryManager.go:96","msg":"    \u001b[1mFailed pre stage percentage\u001b[0m:          0.00%"}
{"level":"info","time":"2024-02-13T20:53:41.919Z","caller":"jobmanager/JobSummaryManager.go:96","msg":"    \u001b[1mPass test stage percentage\u001b[0m:           \u001b[92m100.00%\u001b[0m"}
{"level":"info","time":"2024-02-13T20:53:41.919Z","caller":"jobmanager/JobSummaryManager.go:96","msg":"    \u001b[1mFailed test stage percentage\u001b[0m:         0.00%"}
{"level":"debug","time":"2024-02-13T20:53:41.919Z","caller":"core/lifecycle.go:58","msg":"All lifecycle goroutines exited"}
{"level":"info","time":"2024-02-13T20:53:41.919Z","caller":"jobmanager/JobSummaryManager.go:96","msg":"    \u001b[1mPass post stage percentage\u001b[0m:           0.00%"}
{"level":"debug","time":"2024-02-13T20:53:41.919Z","caller":"cmd/bin.go:270","msg":"main: all goroutines have finished."}
{"level":"info","time":"2024-02-13T20:53:41.919Z","caller":"jobmanager/JobSummaryManager.go:96","msg":"    \u001b[1mFailed post stage percentage\u001b[0m:         0.00%"}
